<?xml version="1.0" encoding="UTF-8"?>
<testng-results skipped="0" failed="0" ignored="0" total="1" passed="1">
  <reporter-output>
  </reporter-output>
  <suite name="Default suite" duration-ms="80056" started-at="2018-01-21T12:15:45Z" finished-at="2018-01-21T12:17:05Z">
    <groups>
    </groups>
    <test name="Default test" duration-ms="80056" started-at="2018-01-21T12:15:45Z" finished-at="2018-01-21T12:17:05Z">
      <class name="Listeners.practHashMap">
        <test-method status="PASS" signature="getBrowser()[pri:0, instance:Listeners.practHashMap@3b5b47]" name="getBrowser" is-config="true" duration-ms="4748" started-at="2018-01-21T17:45:45Z" finished-at="2018-01-21T17:45:50Z">
          <reporter-output>
          </reporter-output>
        </test-method> <!-- getBrowser -->
        <test-method status="PASS" signature="scrollAmazon()[pri:0, instance:Listeners.practHashMap@3b5b47]" name="scrollAmazon" duration-ms="75244" started-at="2018-01-21T17:45:50Z" finished-at="2018-01-21T17:47:05Z">
          <reporter-output>
          </reporter-output>
        </test-method> <!-- scrollAmazon -->
      </class> <!-- Listeners.practHashMap -->
    </test> <!-- Default test -->
  </suite> <!-- Default suite -->
</testng-results>
